<?xml version="1.0" encoding="utf-8"?><testsuites name="pytest tests"><testsuite name="pytest" errors="0" failures="0" skipped="0" tests="12" time="3.857" timestamp="2026-03-03T16:17:43.818695+00:00" hostname="agent-env-10f6587d-addd-4ae1-a863-255cb0d4743b"><testcase classname="backend.tests.test_quotation_and_auth.TestAuthEndpoints" name="test_login_success" time="0.195" /><testcase classname="backend.tests.test_quotation_and_auth.TestAuthEndpoints" name="test_login_invalid_credentials" time="0.133" /><testcase classname="backend.tests.test_quotation_and_auth.TestAuthEndpoints" name="test_change_password_endpoint" time="0.325" /><testcase classname="backend.tests.test_quotation_and_auth.TestAuthEndpoints" name="test_change_password_wrong_current" time="0.262" /><testcase classname="backend.tests.test_quotation_and_auth.TestAuthEndpoints" name="test_verify_token" time="0.148" /><testcase classname="backend.tests.test_quotation_and_auth.TestQuotationEndpoints" name="test_create_quotation_with_items_and_images" time="0.129" /><testcase classname="backend.tests.test_quotation_and_auth.TestQuotationEndpoints" name="test_get_quotation_retrieves_items_with_images" time="0.155" /><testcase classname="backend.tests.test_quotation_and_auth.TestQuotationEndpoints" name="test_update_quotation_preserves_item_images" time="0.189" /><testcase classname="backend.tests.test_quotation_and_auth.TestQuotationEndpoints" name="test_list_all_quotations" time="0.142" /><testcase classname="backend.tests.test_quotation_and_auth.TestProductsEndpoints" name="test_create_product_with_image" time="0.160" /><testcase classname="backend.tests.test_quotation_and_auth.TestProductsEndpoints" name="test_get_products" time="1.620" /><testcase classname="backend.tests.test_quotation_and_auth.TestCleanup" name="test_cleanup_test_quotations" time="0.287" /></testsuite></testsuites>